<?xml version="1.0" encoding="UTF-8"?>
<coverage generated="1662540707281" clover="3.2.0">
  <project timestamp="1662540707281" name="All files">
    <metrics statements="32" coveredstatements="27" conditionals="5" coveredconditionals="5" methods="11" coveredmethods="10" elements="48" coveredelements="42" complexity="0" loc="32" ncloc="32" packages="3" files="3" classes="3"/>
    <package name="src">
      <metrics statements="3" coveredstatements="0" conditionals="0" coveredconditionals="0" methods="0" coveredmethods="0"/>
      <file name="index.ts" path="/Users/nicolasguignard/Nicolas/kpler_repositories/typescript-katas/typescript-backend-katas/src/index.ts">
        <metrics statements="3" coveredstatements="0" conditionals="0" coveredconditionals="0" methods="0" coveredmethods="0"/>
        <line num="1" count="0" type="stmt"/>
        <line num="2" count="0" type="stmt"/>
        <line num="3" count="0" type="stmt"/>
      </file>
    </package>
    <package name="src.example">
      <metrics statements="2" coveredstatements="0" conditionals="0" coveredconditionals="0" methods="1" coveredmethods="0"/>
      <file name="calc.ts" path="/Users/nicolasguignard/Nicolas/kpler_repositories/typescript-katas/typescript-backend-katas/src/example/calc.ts">
        <metrics statements="2" coveredstatements="0" conditionals="0" coveredconditionals="0" methods="1" coveredmethods="0"/>
        <line num="1" count="0" type="stmt"/>
        <line num="3" count="0" type="stmt"/>
      </file>
    </package>
    <package name="src.minesweeper">
      <metrics statements="27" coveredstatements="27" conditionals="5" coveredconditionals="5" methods="10" coveredmethods="10"/>
      <file name="Minesweeper.ts" path="/Users/nicolasguignard/Nicolas/kpler_repositories/typescript-katas/typescript-backend-katas/src/minesweeper/Minesweeper.ts">
        <metrics statements="27" coveredstatements="27" conditionals="5" coveredconditionals="5" methods="10" coveredmethods="10"/>
        <line num="1" count="1" type="cond" truecount="2" falsecount="0"/>
        <line num="2" count="1" type="stmt"/>
        <line num="3" count="1" type="stmt"/>
        <line num="8" count="1" type="stmt"/>
        <line num="9" count="2" type="stmt"/>
        <line num="12" count="2" type="stmt"/>
        <line num="13" count="2" type="stmt"/>
        <line num="17" count="1" type="stmt"/>
        <line num="21" count="2" type="stmt"/>
        <line num="23" count="2" type="stmt"/>
        <line num="24" count="6" type="stmt"/>
        <line num="25" count="6" type="stmt"/>
        <line num="26" count="18" type="stmt"/>
        <line num="28" count="6" type="stmt"/>
        <line num="31" count="2" type="stmt"/>
        <line num="32" count="2" type="stmt"/>
        <line num="33" count="2" type="stmt"/>
        <line num="36" count="2" type="stmt"/>
        <line num="40" count="2" type="stmt"/>
        <line num="41" count="6" type="stmt"/>
        <line num="42" count="18" type="cond" truecount="1" falsecount="0"/>
        <line num="43" count="2" type="stmt"/>
        <line num="46" count="16" type="stmt"/>
        <line num="47" count="14" type="stmt"/>
        <line num="52" count="16" type="stmt"/>
        <line num="58" count="2" type="stmt"/>
        <line num="59" count="6" type="stmt"/>
      </file>
    </package>
  </project>
</coverage>
