{"/Users/nicolasguignard/Nicolas/kpler_repositories/typescript-katas/typescript-backend-katas/src/index.ts": {"path":"/Users/nicolasguignard/Nicolas/kpler_repositories/typescript-katas/typescript-backend-katas/src/index.ts","statementMap":{"0":{"start":{"line":1,"column":0},"end":{"line":1,"column":53}},"1":{"start":{"line":2,"column":0},"end":{"line":2,"column":51}},"2":{"start":{"line":3,"column":0},"end":{"line":3,"column":16}}},"fnMap":{},"branchMap":{},"s":{"0":0,"1":0,"2":0},"f":{},"b":{}}
,"/Users/nicolasguignard/Nicolas/kpler_repositories/typescript-katas/typescript-backend-katas/src/example/calc.ts": {"path":"/Users/nicolasguignard/Nicolas/kpler_repositories/typescript-katas/typescript-backend-katas/src/example/calc.ts","statementMap":{"0":{"start":{"line":3,"column":4},"end":{"line":3,"column":17}},"1":{"start":{"line":1,"column":0},"end":{"line":1,"column":13}}},"fnMap":{"0":{"name":"(anonymous_0)","decl":{"start":{"line":2,"column":2},"end":{"line":2,"column":5}},"loc":{"start":{"line":2,"column":26},"end":{"line":4,"column":3}}}},"branchMap":{},"s":{"0":0,"1":0},"f":{"0":0},"b":{}}
,"/Users/nicolasguignard/Nicolas/kpler_repositories/typescript-katas/typescript-backend-katas/src/minesweeper/Minesweeper.ts": {"path":"/Users/nicolasguignard/Nicolas/kpler_repositories/typescript-katas/typescript-backend-katas/src/minesweeper/Minesweeper.ts","statementMap":{"0":{"start":{"line":1,"column":0},"end":{"line":1,"column":null}},"1":{"start":{"line":2,"column":2},"end":{"line":2,"column":null}},"2":{"start":{"line":3,"column":2},"end":{"line":3,"column":null}},"3":{"start":{"line":9,"column":2},"end":{"line":9,"column":18}},"4":{"start":{"line":12,"column":26},"end":{"line":12,"column":71}},"5":{"start":{"line":13,"column":4},"end":{"line":13,"column":66}},"6":{"start":{"line":58,"column":4},"end":{"line":60,"column":18}},"7":{"start":{"line":59,"column":18},"end":{"line":59,"column":30}},"8":{"start":{"line":8,"column":0},"end":{"line":8,"column":13}},"9":{"start":{"line":17,"column":4},"end":{"line":55,"column":null}},"10":{"start":{"line":21,"column":33},"end":{"line":21,"column":35}},"11":{"start":{"line":23,"column":4},"end":{"line":29,"column":null}},"12":{"start":{"line":23,"column":17},"end":{"line":23,"column":18}},"13":{"start":{"line":24,"column":21},"end":{"line":24,"column":23}},"14":{"start":{"line":25,"column":6},"end":{"line":27,"column":null}},"15":{"start":{"line":25,"column":19},"end":{"line":25,"column":20}},"16":{"start":{"line":26,"column":8},"end":{"line":26,"column":38}},"17":{"start":{"line":28,"column":6},"end":{"line":28,"column":24}},"18":{"start":{"line":31,"column":4},"end":{"line":34,"column":7}},"19":{"start":{"line":32,"column":29},"end":{"line":32,"column":33}},"20":{"start":{"line":33,"column":6},"end":{"line":33,"column":43}},"21":{"start":{"line":36,"column":4},"end":{"line":36,"column":16}},"22":{"start":{"line":40,"column":4},"end":{"line":54,"column":6}},"23":{"start":{"line":41,"column":6},"end":{"line":53,"column":8}},"24":{"start":{"line":42,"column":8},"end":{"line":44,"column":null}},"25":{"start":{"line":43,"column":10},"end":{"line":43,"column":21}},"26":{"start":{"line":46,"column":30},"end":{"line":51,"column":10}},"27":{"start":{"line":47,"column":10},"end":{"line":50,"column":12}},"28":{"start":{"line":52,"column":8},"end":{"line":52,"column":55}}},"fnMap":{"0":{"name":"(anonymous_2)","decl":{"start":{"line":1,"column":0},"end":{"line":1,"column":5}},"loc":{"start":{"line":1,"column":15},"end":{"line":4,"column":1}}},"1":{"name":"(anonymous_3)","decl":{"start":{"line":11,"column":2},"end":{"line":11,"column":14}},"loc":{"start":{"line":11,"column":70},"end":{"line":14,"column":3}}},"2":{"name":"(anonymous_4)","decl":{"start":{"line":57,"column":2},"end":{"line":57,"column":10}},"loc":{"start":{"line":57,"column":10},"end":{"line":61,"column":3}}},"3":{"name":"(anonymous_5)","decl":{"start":{"line":59,"column":11},"end":{"line":59,"column":14}},"loc":{"start":{"line":59,"column":18},"end":{"line":59,"column":30}}},"4":{"name":"_Minesweeper_generateMinefield","decl":{"start":{"line":17,"column":4},"end":{"line":17,"column":16}},"loc":{"start":{"line":19,"column":29},"end":{"line":37,"column":3}}},"5":{"name":"(anonymous_7)","decl":{"start":{"line":31,"column":18},"end":{"line":31,"column":19}},"loc":{"start":{"line":31,"column":27},"end":{"line":34,"column":5}}},"6":{"name":"_Minesweeper_addCountsToMinefield","decl":{"start":{"line":37,"column":3},"end":{"line":37,"column":null}},"loc":{"start":{"line":39,"column":71},"end":{"line":55,"column":3}}},"7":{"name":"(anonymous_9)","decl":{"start":{"line":40,"column":20},"end":{"line":40,"column":21}},"loc":{"start":{"line":41,"column":6},"end":{"line":53,"column":8}}},"8":{"name":"(anonymous_10)","decl":{"start":{"line":41,"column":14},"end":{"line":41,"column":15}},"loc":{"start":{"line":41,"column":34},"end":{"line":53,"column":7}}},"9":{"name":"(anonymous_11)","decl":{"start":{"line":46,"column":43},"end":{"line":46,"column":44}},"loc":{"start":{"line":46,"column":54},"end":{"line":51,"column":9}}}},"branchMap":{"0":{"loc":{"start":{"line":1,"column":5},"end":{"line":1,"column":null}},"type":"binary-expr","locations":[{"start":{"line":1,"column":5},"end":{"line":1,"column":15}},{"start":{"line":1,"column":5},"end":{"line":1,"column":null}}]},"1":{"loc":{"start":{"line":42,"column":8},"end":{"line":44,"column":null}},"type":"if","locations":[{"start":{"line":42,"column":8},"end":{"line":44,"column":null}}]},"2":{"loc":{"start":{"line":48,"column":12},"end":{"line":49,"column":65}},"type":"binary-expr","locations":[{"start":{"line":48,"column":12},"end":{"line":48,"column":62}},{"start":{"line":49,"column":12},"end":{"line":49,"column":65}}]}},"s":{"0":1,"1":1,"2":1,"3":2,"4":2,"5":2,"6":2,"7":6,"8":1,"9":1,"10":2,"11":2,"12":2,"13":6,"14":6,"15":6,"16":18,"17":6,"18":2,"19":2,"20":2,"21":2,"22":2,"23":6,"24":18,"25":2,"26":16,"27":14,"28":16},"f":{"0":1,"1":2,"2":2,"3":6,"4":2,"5":2,"6":2,"7":6,"8":18,"9":14},"b":{"0":[1,1],"1":[2],"2":[14,11]}}
}
