TN:
SF:src/index.ts
FNF:0
FNH:0
DA:1,0
DA:2,0
DA:3,0
LF:3
LH:0
BRF:0
BRH:0
end_of_record
TN:
SF:src/example/calc.ts
FN:2,(anonymous_0)
FNF:1
FNH:0
FNDA:0,(anonymous_0)
DA:1,0
DA:3,0
LF:2
LH:0
BRF:0
BRH:0
end_of_record
TN:
SF:src/minesweeper/Minesweeper.ts
FN:1,(anonymous_2)
FN:11,(anonymous_3)
FN:57,(anonymous_4)
FN:59,(anonymous_5)
FN:17,_Minesweeper_generateMinefield
FN:31,(anonymous_7)
FN:37,_Minesweeper_addCountsToMinefield
FN:40,(anonymous_9)
FN:41,(anonymous_10)
FN:46,(anonymous_11)
FNF:10
FNH:10
FNDA:1,(anonymous_2)
FNDA:2,(anonymous_3)
FNDA:2,(anonymous_4)
FNDA:6,(anonymous_5)
FNDA:2,_Minesweeper_generateMinefield
FNDA:2,(anonymous_7)
FNDA:2,_Minesweeper_addCountsToMinefield
FNDA:6,(anonymous_9)
FNDA:18,(anonymous_10)
FNDA:14,(anonymous_11)
DA:1,1
DA:2,1
DA:3,1
DA:8,1
DA:9,2
DA:12,2
DA:13,2
DA:17,1
DA:21,2
DA:23,2
DA:24,6
DA:25,6
DA:26,18
DA:28,6
DA:31,2
DA:32,2
DA:33,2
DA:36,2
DA:40,2
DA:41,6
DA:42,18
DA:43,2
DA:46,16
DA:47,14
DA:52,16
DA:58,2
DA:59,6
LF:27
LH:27
BRDA:1,0,0,1
BRDA:1,0,1,1
BRDA:42,1,0,2
BRDA:48,2,0,14
BRDA:48,2,1,11
BRF:5
BRH:5
end_of_record
